TN:
SF:src/api.js
FN:2,(anonymous_0)
FNF:1
FNH:1
FNDA:1,(anonymous_0)
DA:1,2
DA:3,1
LF:2
LH:2
BRF:0
BRH:0
end_of_record
TN:
SF:src/carrito.js
FN:4,calcularTotal
FN:5,(anonymous_1)
FN:15,(anonymous_2)
FN:20,procesarCompra
FNF:4
FNH:4
FNDA:7,calcularTotal
FNDA:8,(anonymous_1)
FNDA:6,(anonymous_2)
FNDA:3,procesarCompra
DA:5,7
DA:6,8
DA:7,1
DA:9,7
DA:10,1
DA:14,5
DA:15,6
DA:21,3
DA:23,3
DA:24,3
DA:25,2
DA:26,1
DA:30,2
LF:13
LH:13
BRDA:6,0,0,1
BRDA:6,0,1,7
BRDA:6,1,0,8
BRDA:6,1,1,7
BRDA:9,2,0,1
BRDA:9,2,1,6
BRDA:20,3,0,0
BRDA:23,4,0,3
BRDA:23,4,1,0
BRDA:25,5,0,1
BRDA:25,5,1,1
BRF:11
BRH:9
end_of_record
TN:
SF:src/stockService.js
FN:1,validarStock
FNF:1
FNH:1
FNDA:7,validarStock
DA:2,7
LF:1
LH:1
BRF:0
BRH:0
end_of_record
